<?xml version="1.0" encoding="UTF-8"?>
<!-- Generated by org.testng.reporters.JUnitReportReporter -->
<testsuite hostname="HDC3-L-6012P1F" name="checkerswithmain.Check1" tests="4" failures="0" timestamp="28 Aug 2017 13:31:30 GMT" time="0.032" errors="0">
  <testcase name="sub" time="0.003" classname="checkerswithmain.Check1"/>
  <testcase name="sum" time="0.004" classname="checkerswithmain.Check1"/>
  <testcase name="mul" time="0.022" classname="checkerswithmain.Check1"/>
  <testcase name="sum" time="0.003" classname="checkerswithmain.Check1"/>
</testsuite> <!-- checkerswithmain.Check1 -->
