<?xml version="1.0" encoding="UTF-8"?>
<!-- Generated by org.testng.reporters.JUnitReportReporter -->
<testsuite skipped="0" hostname="HDC3-L-6012P1F" name="appium.MobileAppforHotstar" tests="1" failures="0" timestamp="11 Apr 2017 13:38:08 GMT" time="43.381" errors="0">
  <testcase name="Hotstar_Navigation" time="43.381" classname="appium.MobileAppforHotstar"/>
</testsuite> <!-- appium.MobileAppforHotstar -->
