<?xml version="1.0" encoding="UTF-8"?>
<!-- Generated by org.testng.reporters.JUnitReportReporter -->
<testsuite skipped="0" hostname="HDC3-L-6012P1F" name="appium.MobileBrowser" tests="2" failures="0" timestamp="14 Apr 2017 05:50:07 GMT" time="100.568" errors="0">
  <testcase name="lauch_hotstar" time="51.156" classname="appium.MobileBrowser"/>
  <testcase name="browserTest" time="49.412" classname="appium.MobileBrowser"/>
</testsuite> <!-- appium.MobileBrowser -->
