<?xml version="1.0" encoding="UTF-8"?>
<!-- Generated by org.testng.reporters.JUnitReportReporter -->
<testsuite skipped="0" hostname="HDC3-L-6012P1F" name="appium.Demo" tests="1" failures="0" timestamp="04 Apr 2017 09:58:58 GMT" time="10.692" errors="0">
  <testcase name="testCalculator" time="10.692" classname="appium.Demo"/>
</testsuite> <!-- appium.Demo -->
